C:\USERS\SUSANA\DOCUMENTS\VISUAL STUDIO 2012\PROJECTS\NEWSTITCHING\NEWSTITCHING\DEBUG\GRIDCELL.OBJ
C:\USERS\SUSANA\DOCUMENTS\VISUAL STUDIO 2012\PROJECTS\NEWSTITCHING\NEWSTITCHING\DEBUG\NEWSTITCHING.OBJ
C:\USERS\SUSANA\DOCUMENTS\VISUAL STUDIO 2012\PROJECTS\NEWSTITCHING\NEWSTITCHING\DEBUG\PATCH.OBJ
C:\USERS\SUSANA\DOCUMENTS\VISUAL STUDIO 2012\PROJECTS\NEWSTITCHING\NEWSTITCHING\DEBUG\VC110.PDB
C:\USERS\SUSANA\DOCUMENTS\VISUAL STUDIO 2012\PROJECTS\NEWSTITCHING\DEBUG\NEWSTITCHING.ILK
C:\USERS\SUSANA\DOCUMENTS\VISUAL STUDIO 2012\PROJECTS\NEWSTITCHING\DEBUG\NEWSTITCHING.EXE
C:\USERS\SUSANA\DOCUMENTS\VISUAL STUDIO 2012\PROJECTS\NEWSTITCHING\DEBUG\NEWSTITCHING.PDB
C:\Users\Susana\Documents\Visual Studio 2012\Projects\NewStitching\NewStitching\Debug\GridCell.obj
C:\Users\Susana\Documents\Visual Studio 2012\Projects\NewStitching\NewStitching\Debug\NewStitching.obj
C:\Users\Susana\Documents\Visual Studio 2012\Projects\NewStitching\NewStitching\Debug\cl.command.1.tlog
C:\Users\Susana\Documents\Visual Studio 2012\Projects\NewStitching\NewStitching\Debug\CL.read.1.tlog
C:\Users\Susana\Documents\Visual Studio 2012\Projects\NewStitching\NewStitching\Debug\CL.write.1.tlog
C:\Users\Susana\Documents\Visual Studio 2012\Projects\NewStitching\NewStitching\Debug\link-cvtres.read.1.tlog
C:\Users\Susana\Documents\Visual Studio 2012\Projects\NewStitching\NewStitching\Debug\link-cvtres.write.1.tlog
C:\Users\Susana\Documents\Visual Studio 2012\Projects\NewStitching\NewStitching\Debug\link-rc.read.1.tlog
C:\Users\Susana\Documents\Visual Studio 2012\Projects\NewStitching\NewStitching\Debug\link-rc.write.1.tlog
C:\Users\Susana\Documents\Visual Studio 2012\Projects\NewStitching\NewStitching\Debug\link.1624-cvtres.read.1.tlog
C:\Users\Susana\Documents\Visual Studio 2012\Projects\NewStitching\NewStitching\Debug\link.1624-cvtres.write.1.tlog
C:\Users\Susana\Documents\Visual Studio 2012\Projects\NewStitching\NewStitching\Debug\link.1624-rc.read.1.tlog
C:\Users\Susana\Documents\Visual Studio 2012\Projects\NewStitching\NewStitching\Debug\link.1624-rc.write.1.tlog
C:\Users\Susana\Documents\Visual Studio 2012\Projects\NewStitching\NewStitching\Debug\link.1624.read.1.tlog
C:\Users\Susana\Documents\Visual Studio 2012\Projects\NewStitching\NewStitching\Debug\link.1624.write.1.tlog
C:\Users\Susana\Documents\Visual Studio 2012\Projects\NewStitching\NewStitching\Debug\link.2492-cvtres.read.1.tlog
C:\Users\Susana\Documents\Visual Studio 2012\Projects\NewStitching\NewStitching\Debug\link.2492-cvtres.write.1.tlog
C:\Users\Susana\Documents\Visual Studio 2012\Projects\NewStitching\NewStitching\Debug\link.2492-rc.read.1.tlog
C:\Users\Susana\Documents\Visual Studio 2012\Projects\NewStitching\NewStitching\Debug\link.2492-rc.write.1.tlog
C:\Users\Susana\Documents\Visual Studio 2012\Projects\NewStitching\NewStitching\Debug\link.2492.read.1.tlog
C:\Users\Susana\Documents\Visual Studio 2012\Projects\NewStitching\NewStitching\Debug\link.2492.write.1.tlog
C:\Users\Susana\Documents\Visual Studio 2012\Projects\NewStitching\NewStitching\Debug\link.2540-cvtres.read.1.tlog
C:\Users\Susana\Documents\Visual Studio 2012\Projects\NewStitching\NewStitching\Debug\link.2540-cvtres.write.1.tlog
C:\Users\Susana\Documents\Visual Studio 2012\Projects\NewStitching\NewStitching\Debug\link.2540-rc.read.1.tlog
C:\Users\Susana\Documents\Visual Studio 2012\Projects\NewStitching\NewStitching\Debug\link.2540-rc.write.1.tlog
C:\Users\Susana\Documents\Visual Studio 2012\Projects\NewStitching\NewStitching\Debug\link.2540.read.1.tlog
C:\Users\Susana\Documents\Visual Studio 2012\Projects\NewStitching\NewStitching\Debug\link.2540.write.1.tlog
C:\Users\Susana\Documents\Visual Studio 2012\Projects\NewStitching\NewStitching\Debug\link.3048-cvtres.read.1.tlog
C:\Users\Susana\Documents\Visual Studio 2012\Projects\NewStitching\NewStitching\Debug\link.3048-cvtres.write.1.tlog
C:\Users\Susana\Documents\Visual Studio 2012\Projects\NewStitching\NewStitching\Debug\link.3048-rc.read.1.tlog
C:\Users\Susana\Documents\Visual Studio 2012\Projects\NewStitching\NewStitching\Debug\link.3048-rc.write.1.tlog
C:\Users\Susana\Documents\Visual Studio 2012\Projects\NewStitching\NewStitching\Debug\link.3048.read.1.tlog
C:\Users\Susana\Documents\Visual Studio 2012\Projects\NewStitching\NewStitching\Debug\link.3048.write.1.tlog
C:\Users\Susana\Documents\Visual Studio 2012\Projects\NewStitching\NewStitching\Debug\link.3088-cvtres.read.1.tlog
C:\Users\Susana\Documents\Visual Studio 2012\Projects\NewStitching\NewStitching\Debug\link.3088-cvtres.write.1.tlog
C:\Users\Susana\Documents\Visual Studio 2012\Projects\NewStitching\NewStitching\Debug\link.3088-rc.read.1.tlog
C:\Users\Susana\Documents\Visual Studio 2012\Projects\NewStitching\NewStitching\Debug\link.3088-rc.write.1.tlog
C:\Users\Susana\Documents\Visual Studio 2012\Projects\NewStitching\NewStitching\Debug\link.3088.read.1.tlog
C:\Users\Susana\Documents\Visual Studio 2012\Projects\NewStitching\NewStitching\Debug\link.3088.write.1.tlog
C:\Users\Susana\Documents\Visual Studio 2012\Projects\NewStitching\NewStitching\Debug\link.5788-cvtres.read.1.tlog
C:\Users\Susana\Documents\Visual Studio 2012\Projects\NewStitching\NewStitching\Debug\link.5788-cvtres.write.1.tlog
C:\Users\Susana\Documents\Visual Studio 2012\Projects\NewStitching\NewStitching\Debug\link.5788-rc.read.1.tlog
C:\Users\Susana\Documents\Visual Studio 2012\Projects\NewStitching\NewStitching\Debug\link.5788-rc.write.1.tlog
C:\Users\Susana\Documents\Visual Studio 2012\Projects\NewStitching\NewStitching\Debug\link.5788.read.1.tlog
C:\Users\Susana\Documents\Visual Studio 2012\Projects\NewStitching\NewStitching\Debug\link.5788.write.1.tlog
C:\Users\Susana\Documents\Visual Studio 2012\Projects\NewStitching\NewStitching\Debug\link.5892-cvtres.read.1.tlog
C:\Users\Susana\Documents\Visual Studio 2012\Projects\NewStitching\NewStitching\Debug\link.5892-cvtres.write.1.tlog
C:\Users\Susana\Documents\Visual Studio 2012\Projects\NewStitching\NewStitching\Debug\link.5892-rc.read.1.tlog
C:\Users\Susana\Documents\Visual Studio 2012\Projects\NewStitching\NewStitching\Debug\link.5892-rc.write.1.tlog
C:\Users\Susana\Documents\Visual Studio 2012\Projects\NewStitching\NewStitching\Debug\link.5892.read.1.tlog
C:\Users\Susana\Documents\Visual Studio 2012\Projects\NewStitching\NewStitching\Debug\link.5892.write.1.tlog
C:\Users\Susana\Documents\Visual Studio 2012\Projects\NewStitching\NewStitching\Debug\link.8012-cvtres.read.1.tlog
C:\Users\Susana\Documents\Visual Studio 2012\Projects\NewStitching\NewStitching\Debug\link.8012-cvtres.write.1.tlog
C:\Users\Susana\Documents\Visual Studio 2012\Projects\NewStitching\NewStitching\Debug\link.8012-rc.read.1.tlog
C:\Users\Susana\Documents\Visual Studio 2012\Projects\NewStitching\NewStitching\Debug\link.8012-rc.write.1.tlog
C:\Users\Susana\Documents\Visual Studio 2012\Projects\NewStitching\NewStitching\Debug\link.8012.read.1.tlog
C:\Users\Susana\Documents\Visual Studio 2012\Projects\NewStitching\NewStitching\Debug\link.8012.write.1.tlog
C:\Users\Susana\Documents\Visual Studio 2012\Projects\NewStitching\NewStitching\Debug\link.command.1.tlog
C:\Users\Susana\Documents\Visual Studio 2012\Projects\NewStitching\NewStitching\Debug\link.read.1.tlog
C:\Users\Susana\Documents\Visual Studio 2012\Projects\NewStitching\NewStitching\Debug\link.read.2.tlog
C:\Users\Susana\Documents\Visual Studio 2012\Projects\NewStitching\NewStitching\Debug\link.write.1.tlog
C:\Users\Susana\Documents\Visual Studio 2012\Projects\NewStitching\NewStitching\Debug\vc110.idb
C:\Users\Susana\Documents\Visual Studio 2012\Projects\NewStitching\NewStitching\Debug\vc110.pdb
C:\Users\Susana\Documents\Visual Studio 2012\Projects\NewStitching\Debug\NewStitching.pdb
C:\Users\Susana\Documents\Visual Studio 2012\Projects\NewStitching\Debug\NewStitching.exe
C:\Users\Susana\Documents\Visual Studio 2012\Projects\NewStitching\Debug\NewStitching.ilk
