C:\USERS\SUSANA\DOCUMENTS\VISUAL STUDIO 2012\PROJECTS\NEWSTITCHING\NEWSTITCHING\RELEASE\PATCH.OBJ
C:\USERS\SUSANA\DOCUMENTS\VISUAL STUDIO 2012\PROJECTS\NEWSTITCHING\NEWSTITCHING\RELEASE\NEWSTITCHING.OBJ
C:\USERS\SUSANA\DOCUMENTS\VISUAL STUDIO 2012\PROJECTS\NEWSTITCHING\NEWSTITCHING\RELEASE\GRIDCELL.OBJ
C:\USERS\SUSANA\DOCUMENTS\VISUAL STUDIO 2012\PROJECTS\NEWSTITCHING\NEWSTITCHING\RELEASE\VC110.PDB
C:\USERS\SUSANA\DOCUMENTS\VISUAL STUDIO 2012\PROJECTS\NEWSTITCHING\RELEASE\NEWSTITCHING.EXE
C:\USERS\SUSANA\DOCUMENTS\VISUAL STUDIO 2012\PROJECTS\NEWSTITCHING\RELEASE\NEWSTITCHING.PDB
C:\Users\Susana\Documents\Visual Studio 2012\Projects\NewStitching\NewStitching\Release\GridCell.obj
C:\Users\Susana\Documents\Visual Studio 2012\Projects\NewStitching\NewStitching\Release\NewStitching.obj
C:\Users\Susana\Documents\Visual Studio 2012\Projects\NewStitching\NewStitching\Release\Patch.obj
C:\Users\Susana\Documents\Visual Studio 2012\Projects\NewStitching\NewStitching\Release\cl.command.1.tlog
C:\Users\Susana\Documents\Visual Studio 2012\Projects\NewStitching\NewStitching\Release\CL.read.1.tlog
C:\Users\Susana\Documents\Visual Studio 2012\Projects\NewStitching\NewStitching\Release\CL.write.1.tlog
C:\Users\Susana\Documents\Visual Studio 2012\Projects\NewStitching\NewStitching\Release\link-cvtres.read.1.tlog
C:\Users\Susana\Documents\Visual Studio 2012\Projects\NewStitching\NewStitching\Release\link-cvtres.write.1.tlog
C:\Users\Susana\Documents\Visual Studio 2012\Projects\NewStitching\NewStitching\Release\link-rc.read.1.tlog
C:\Users\Susana\Documents\Visual Studio 2012\Projects\NewStitching\NewStitching\Release\link-rc.write.1.tlog
C:\Users\Susana\Documents\Visual Studio 2012\Projects\NewStitching\NewStitching\Release\link.command.1.tlog
C:\Users\Susana\Documents\Visual Studio 2012\Projects\NewStitching\NewStitching\Release\link.read.1.tlog
C:\Users\Susana\Documents\Visual Studio 2012\Projects\NewStitching\NewStitching\Release\link.write.1.tlog
C:\Users\Susana\Documents\Visual Studio 2012\Projects\NewStitching\NewStitching\Release\vc110.pdb
C:\Users\Susana\Documents\Visual Studio 2012\Projects\NewStitching\Release\NewStitching.pdb
C:\Users\Susana\Documents\Visual Studio 2012\Projects\NewStitching\Release\NewStitching.exe
